<?xml version="1.0" encoding="UTF-8"?>
<testsuite name="com.codingchili.core.files.ConfigurationsTest" tests="7" skipped="0" failures="0" errors="0" timestamp="2016-12-03T11:43:00" hostname="DESKTOP-TDNIONG" time="0.202">
  <properties/>
  <testcase name="testLoadInvalidConfigurable" classname="com.codingchili.core.files.ConfigurationsTest" time="0.045"/>
  <testcase name="testLoadDefaultsFromConfigurable" classname="com.codingchili.core.files.ConfigurationsTest" time="0.03"/>
  <testcase name="loadSecurityConfiguration" classname="com.codingchili.core.files.ConfigurationsTest" time="0.031"/>
  <testcase name="loadLauncherConfiguration" classname="com.codingchili.core.files.ConfigurationsTest" time="0.026"/>
  <testcase name="loadSystemConfiguration" classname="com.codingchili.core.files.ConfigurationsTest" time="0.024"/>
  <testcase name="loadStorageConfiguration" classname="com.codingchili.core.files.ConfigurationsTest" time="0.02"/>
  <testcase name="loadValidatorConfiguration" classname="com.codingchili.core.files.ConfigurationsTest" time="0.025"/>
  <system-out><![CDATA[[file.load 11:43:00.058] -> conf/../security.json ~ INFO	
[file.load 11:43:00.059] -> conf/../storage.json ~ INFO	
[file.load 11:43:00.060] -> conf/../launcher.json ~ INFO	
[file.load 11:43:00.061] -> conf/../system.json ~ INFO	
[file.load 11:43:00.061] -> conf/../validator.json ~ INFO	
[config.defaults 11:43:00.062] -> configuration 'z' not found, using defaults from 'CoreStrings'. ~ WARNING	
[config.error 11:43:00.062] -> The given class 'CoreStrings' is not of configurable type. ~ SEVERE	
[file.load 11:43:00.063] -> conf/../security.json ~ INFO	
[file.load 11:43:00.064] -> conf/../storage.json ~ INFO	
[file.load 11:43:00.065] -> conf/../launcher.json ~ INFO	
[file.load 11:43:00.066] -> conf/../system.json ~ INFO	
[file.load 11:43:00.067] -> conf/../validator.json ~ INFO	
[file.save 11:43:00.073] -> configuration ~ conf/../security.json ~ INFO	
[file.save 11:43:00.075] -> configuration ~ conf/../storage.json ~ INFO	
[file.save 11:43:00.080] -> configuration ~ conf/../launcher.json ~ INFO	
[file.save 11:43:00.085] -> configuration ~ conf/../system.json ~ INFO	
[file.save 11:43:00.096] -> configuration ~ conf/../validator.json ~ INFO	
[file.load 11:43:00.103] -> conf/../security.json ~ INFO	
[file.load 11:43:00.104] -> conf/../storage.json ~ INFO	
[file.load 11:43:00.105] -> conf/../launcher.json ~ INFO	
[file.load 11:43:00.106] -> conf/../system.json ~ INFO	
[file.load 11:43:00.106] -> conf/../validator.json ~ INFO	
[file.load 11:43:00.110] -> conf/../security.json ~ INFO	
[file.load 11:43:00.110] -> conf/../storage.json ~ INFO	
[file.load 11:43:00.111] -> conf/../launcher.json ~ INFO	
[file.load 11:43:00.112] -> conf/../system.json ~ INFO	
[file.load 11:43:00.112] -> conf/../validator.json ~ INFO	
[file.load 11:43:00.112] -> ../../../../../default.json ~ INFO	
[file.load 11:43:00.113] -> conf/../security.json ~ INFO	
[file.load 11:43:00.114] -> conf/../storage.json ~ INFO	
[file.load 11:43:00.115] -> conf/../launcher.json ~ INFO	
[file.load 11:43:00.116] -> conf/../system.json ~ INFO	
[file.load 11:43:00.117] -> conf/../validator.json ~ INFO	
[file.save 11:43:00.119] -> configuration ~ conf/../security.json ~ INFO	
[file.save 11:43:00.121] -> configuration ~ conf/../storage.json ~ INFO	
[file.save 11:43:00.122] -> configuration ~ conf/../launcher.json ~ INFO	
[file.save 11:43:00.124] -> configuration ~ conf/../system.json ~ INFO	
[file.save 11:43:00.125] -> configuration ~ conf/../validator.json ~ INFO	
[file.load 11:43:00.132] -> conf/../security.json ~ INFO	
[file.load 11:43:00.133] -> conf/../storage.json ~ INFO	
[file.load 11:43:00.133] -> conf/../launcher.json ~ INFO	
[file.load 11:43:00.134] -> conf/../system.json ~ INFO	
[file.load 11:43:00.135] -> conf/../validator.json ~ INFO	
[file.load 11:43:00.137] -> conf/../security.json ~ INFO	
[file.load 11:43:00.138] -> conf/../storage.json ~ INFO	
[file.load 11:43:00.139] -> conf/../launcher.json ~ INFO	
[file.load 11:43:00.140] -> conf/../system.json ~ INFO	
[file.load 11:43:00.143] -> conf/../validator.json ~ INFO	
[file.save 11:43:00.145] -> configuration ~ conf/../security.json ~ INFO	
[file.save 11:43:00.148] -> configuration ~ conf/../storage.json ~ INFO	
[file.save 11:43:00.150] -> configuration ~ conf/../launcher.json ~ INFO	
[file.save 11:43:00.152] -> configuration ~ conf/../system.json ~ INFO	
[file.save 11:43:00.157] -> configuration ~ conf/../validator.json ~ INFO	
[file.load 11:43:00.166] -> conf/../security.json ~ INFO	
[file.load 11:43:00.167] -> conf/../storage.json ~ INFO	
[file.load 11:43:00.168] -> conf/../launcher.json ~ INFO	
[file.load 11:43:00.169] -> conf/../system.json ~ INFO	
[file.load 11:43:00.170] -> conf/../validator.json ~ INFO	
[file.load 11:43:00.171] -> conf/../security.json ~ INFO	
[file.load 11:43:00.172] -> conf/../storage.json ~ INFO	
[file.load 11:43:00.173] -> conf/../launcher.json ~ INFO	
[file.load 11:43:00.175] -> conf/../system.json ~ INFO	
[file.load 11:43:00.176] -> conf/../validator.json ~ INFO	
[file.save 11:43:00.177] -> configuration ~ conf/../security.json ~ INFO	
[file.save 11:43:00.179] -> configuration ~ conf/../storage.json ~ INFO	
[file.save 11:43:00.180] -> configuration ~ conf/../launcher.json ~ INFO	
[file.save 11:43:00.182] -> configuration ~ conf/../system.json ~ INFO	
[file.save 11:43:00.183] -> configuration ~ conf/../validator.json ~ INFO	
[file.load 11:43:00.190] -> conf/../security.json ~ INFO	
[file.load 11:43:00.191] -> conf/../storage.json ~ INFO	
[file.load 11:43:00.191] -> conf/../launcher.json ~ INFO	
[file.load 11:43:00.192] -> conf/../system.json ~ INFO	
[file.load 11:43:00.192] -> conf/../validator.json ~ INFO	
[file.load 11:43:00.193] -> conf/../security.json ~ INFO	
[file.load 11:43:00.194] -> conf/../storage.json ~ INFO	
[file.load 11:43:00.194] -> conf/../launcher.json ~ INFO	
[file.load 11:43:00.195] -> conf/../system.json ~ INFO	
[file.load 11:43:00.196] -> conf/../validator.json ~ INFO	
[file.save 11:43:00.197] -> configuration ~ conf/../security.json ~ INFO	
[file.save 11:43:00.203] -> configuration ~ conf/../storage.json ~ INFO	
[file.save 11:43:00.205] -> configuration ~ conf/../launcher.json ~ INFO	
[file.save 11:43:00.206] -> configuration ~ conf/../system.json ~ INFO	
[file.save 11:43:00.208] -> configuration ~ conf/../validator.json ~ INFO	
[file.load 11:43:00.214] -> conf/../security.json ~ INFO	
[file.load 11:43:00.215] -> conf/../storage.json ~ INFO	
[file.load 11:43:00.216] -> conf/../launcher.json ~ INFO	
[file.load 11:43:00.216] -> conf/../system.json ~ INFO	
[file.load 11:43:00.217] -> conf/../validator.json ~ INFO	
[file.load 11:43:00.218] -> conf/../security.json ~ INFO	
[file.load 11:43:00.218] -> conf/../storage.json ~ INFO	
[file.load 11:43:00.219] -> conf/../launcher.json ~ INFO	
[file.load 11:43:00.219] -> conf/../system.json ~ INFO	
[file.load 11:43:00.220] -> conf/../validator.json ~ INFO	
[file.save 11:43:00.222] -> configuration ~ conf/../security.json ~ INFO	
[file.save 11:43:00.224] -> configuration ~ conf/../storage.json ~ INFO	
[file.save 11:43:00.225] -> configuration ~ conf/../launcher.json ~ INFO	
[file.save 11:43:00.227] -> configuration ~ conf/../system.json ~ INFO	
[file.save 11:43:00.228] -> configuration ~ conf/../validator.json ~ INFO	
[file.load 11:43:00.234] -> conf/../security.json ~ INFO	
[file.load 11:43:00.235] -> conf/../storage.json ~ INFO	
[file.load 11:43:00.235] -> conf/../launcher.json ~ INFO	
[file.load 11:43:00.236] -> conf/../system.json ~ INFO	
[file.load 11:43:00.236] -> conf/../validator.json ~ INFO	
[file.load 11:43:00.238] -> conf/../security.json ~ INFO	
[file.load 11:43:00.241] -> conf/../storage.json ~ INFO	
[file.load 11:43:00.242] -> conf/../launcher.json ~ INFO	
[file.load 11:43:00.244] -> conf/../system.json ~ INFO	
[file.load 11:43:00.245] -> conf/../validator.json ~ INFO	
[file.save 11:43:00.247] -> configuration ~ conf/../security.json ~ INFO	
[file.save 11:43:00.248] -> configuration ~ conf/../storage.json ~ INFO	
[file.save 11:43:00.249] -> configuration ~ conf/../launcher.json ~ INFO	
[file.save 11:43:00.251] -> configuration ~ conf/../system.json ~ INFO	
[file.save 11:43:00.252] -> configuration ~ conf/../validator.json ~ INFO	
]]></system-out>
  <system-err><![CDATA[]]></system-err>
</testsuite>
