<?xml version="1.0" encoding="UTF-8"?>
<testsuite name="com.codingchili.core.files.CachedFileStoreTest" tests="3" skipped="0" failures="0" errors="0" timestamp="2016-12-03T11:42:59" hostname="DESKTOP-TDNIONG" time="0.096">
  <properties/>
  <testcase name="succeedGetFile" classname="com.codingchili.core.files.CachedFileStoreTest" time="0.066"/>
  <testcase name="failGetWithTraversal" classname="com.codingchili.core.files.CachedFileStoreTest" time="0.015"/>
  <testcase name="succeedGetFileWithGzip" classname="com.codingchili.core.files.CachedFileStoreTest" time="0.015"/>
  <system-out><![CDATA[[file.load 11:42:59.919] -> mock.node ~ ContextMock ~ INFO	localhost ~ /test.txt ~ 
[file.load 11:42:59.960] -> mock.node ~ ContextMock ~ INFO	localhost ~ /test.txt ~ 
[file.load 11:42:59.976] -> mock.node ~ ContextMock ~ INFO	localhost ~ /test.txt ~ 
]]></system-out>
  <system-err><![CDATA[]]></system-err>
</testsuite>
