<?xml version="1.0" encoding="UTF-8"?>
<testsuite name="com.codingchili.core.security.HashHelperTest" tests="7" skipped="0" failures="0" errors="0" timestamp="2016-12-03T11:43:08" hostname="DESKTOP-TDNIONG" time="0.41">
  <properties/>
  <testcase name="verifyPasswordWithSalt" classname="com.codingchili.core.security.HashHelperTest" time="0.032"/>
  <testcase name="failVerifyWrongPassword" classname="com.codingchili.core.security.HashHelperTest" time="0.028"/>
  <testcase name="checkHashesAreUnique" classname="com.codingchili.core.security.HashHelperTest" time="0.036"/>
  <testcase name="failVerifyPasswordWrongSalt" classname="com.codingchili.core.security.HashHelperTest" time="0.027"/>
  <testcase name="checkHashingNotTooFast" classname="com.codingchili.core.security.HashHelperTest" time="0.248"/>
  <testcase name="checkHashWithWorkerPool" classname="com.codingchili.core.security.HashHelperTest" time="0.019"/>
  <testcase name="generateUniqueSaltTest" classname="com.codingchili.core.security.HashHelperTest" time="0.02"/>
  <system-out><![CDATA[]]></system-out>
  <system-err><![CDATA[]]></system-err>
</testsuite>
