<?xml version="1.0" encoding="UTF-8"?>
<testsuite name="com.codingchili.core.security.AuthenticationGeneratorIT" tests="4" skipped="0" failures="0" errors="0" timestamp="2016-12-03T11:43:08" hostname="DESKTOP-TDNIONG" time="0.127">
  <properties/>
  <testcase name="testGenerateSecrets" classname="com.codingchili.core.security.AuthenticationGeneratorIT" time="0.029"/>
  <testcase name="testGeneratePreshared" classname="com.codingchili.core.security.AuthenticationGeneratorIT" time="0.02"/>
  <testcase name="testGenerateAll" classname="com.codingchili.core.security.AuthenticationGeneratorIT" time="0.04"/>
  <testcase name="testGenerateTokens" classname="com.codingchili.core.security.AuthenticationGeneratorIT" time="0.038"/>
  <system-out><![CDATA[[error 11:43:08.313] -> mock.node ~ ContextMock ~ WARNING	localhost ~ Error already initialized. ~ 
[file.load 11:43:08.317] -> launcher ~ LaunchContext ~ INFO	local ~ ../../../../../service1.json ~ 
[file.load 11:43:08.318] -> launcher ~ LaunchContext ~ INFO	local ~ ../../../../../service2.json ~ 
[Generating] secret 'service1secret' for ../common/testing/resources/AuthenticationGenerator/service1.json ..
[Generating] secret 'local' for ../common/testing/resources/AuthenticationGenerator/service1.json ..
[Generating] secret 'local' for ../common/testing/resources/AuthenticationGenerator/service2.json ..
[error 11:43:08.342] -> mock.node ~ ContextMock ~ WARNING	localhost ~ Error already initialized. ~ 
[Generating] preshared key 'global' for ../common/testing/resources/AuthenticationGenerator/service1.json ..
[Generating] preshared key 'global' for ../common/testing/resources/AuthenticationGenerator/service2.json ..
[error 11:43:08.363] -> mock.node ~ ContextMock ~ WARNING	localhost ~ Error already initialized. ~ 
[Generating] secret 'service1secret' for ../common/testing/resources/AuthenticationGenerator/service1.json ..
[Generating] secret 'local' for ../common/testing/resources/AuthenticationGenerator/service1.json ..
[Generating] secret 'local' for ../common/testing/resources/AuthenticationGenerator/service2.json ..
[Generating] preshared key 'global' for ../common/testing/resources/AuthenticationGenerator/service1.json ..
[Generating] preshared key 'global' for ../common/testing/resources/AuthenticationGenerator/service2.json ..
[Generating] token 'service2/service1token' for ../common/testing/resources/AuthenticationGenerator/service1.json ..
[AuthenticationGenerator] Error: Identity must be configured.
[Generating] token 'service1/service2token' for ../common/testing/resources/AuthenticationGenerator/service2.json ..
[AuthenticationGenerator] Error: Identity must be configured.
[error 11:43:08.401] -> mock.node ~ ContextMock ~ WARNING	localhost ~ Error already initialized. ~ 
[Generating] secret 'service1secret' for ../common/testing/resources/AuthenticationGenerator/service1.json ..
[Generating] secret 'local' for ../common/testing/resources/AuthenticationGenerator/service1.json ..
[Generating] secret 'local' for ../common/testing/resources/AuthenticationGenerator/service2.json ..
[Generating] preshared key 'global' for ../common/testing/resources/AuthenticationGenerator/service1.json ..
[Generating] preshared key 'global' for ../common/testing/resources/AuthenticationGenerator/service2.json ..
[Generating] token 'service2/service1token' for ../common/testing/resources/AuthenticationGenerator/service1.json ..
[AuthenticationGenerator] Error: Identity must be configured.
[Generating] token 'service1/service2token' for ../common/testing/resources/AuthenticationGenerator/service2.json ..
[AuthenticationGenerator] Error: Identity must be configured.
]]></system-out>
  <system-err><![CDATA[]]></system-err>
</testsuite>
