<?xml version="1.0" encoding="UTF-8"?>
<testsuite name="com.codingchili.core.configuration.SettingsOverrideTest" tests="2" skipped="0" failures="0" errors="0" timestamp="2016-12-03T11:42:58" hostname="DESKTOP-TDNIONG" time="0.155">
  <properties/>
  <testcase name="getOverriddenFilePath" classname="com.codingchili.core.configuration.SettingsOverrideTest" time="0.154"/>
  <testcase name="getNonOverridenFilePath" classname="com.codingchili.core.configuration.SettingsOverrideTest" time="0.001"/>
  <system-out><![CDATA[[file.load 11:42:58.724] -> conf/../security.json ~ INFO	
[file.load 11:42:58.730] -> conf/../storage.json ~ INFO	
[file.load 11:42:58.733] -> conf/../launcher.json ~ INFO	
[file.load 11:42:58.736] -> conf/../system.json ~ INFO	
[file.load 11:42:58.746] -> conf/../validator.json ~ INFO	
]]></system-out>
  <system-err><![CDATA[]]></system-err>
</testsuite>
