<?xml version="1.0" encoding="UTF-8"?>
<testsuite name="com.codingchili.core.protocol.SerializerTest" tests="5" skipped="0" failures="0" errors="0" timestamp="2016-12-03T11:43:08" hostname="DESKTOP-TDNIONG" time="0.01">
  <properties/>
  <testcase name="testPackObjectToJsonString" classname="com.codingchili.core.protocol.SerializerTest" time="0.007"/>
  <testcase name="testUnpackString" classname="com.codingchili.core.protocol.SerializerTest" time="0.001"/>
  <testcase name="testObjectToJson" classname="com.codingchili.core.protocol.SerializerTest" time="0.0"/>
  <testcase name="testUnpackJsonObject" classname="com.codingchili.core.protocol.SerializerTest" time="0.001"/>
  <testcase name="testGzipBytesAndUnzip" classname="com.codingchili.core.protocol.SerializerTest" time="0.0"/>
  <system-out><![CDATA[]]></system-out>
  <system-err><![CDATA[]]></system-err>
</testsuite>
