<?xml version="1.0" encoding="UTF-8"?>
<testsuite name="com.codingchili.core.storage.StorageLoaderIT" tests="6" skipped="2" failures="0" errors="0" timestamp="2016-12-03T11:43:23" hostname="DESKTOP-TDNIONG" time="0.006">
  <properties/>
  <testcase name="testLoadElasticMap" classname="com.codingchili.core.storage.StorageLoaderIT" time="0.0">
    <skipped/>
  </testcase>
  <testcase name="testLoadSharedMap" classname="com.codingchili.core.storage.StorageLoaderIT" time="0.001"/>
  <testcase name="testLoadLocalAsyncMap" classname="com.codingchili.core.storage.StorageLoaderIT" time="0.0"/>
  <testcase name="testLoadJsonMap" classname="com.codingchili.core.storage.StorageLoaderIT" time="0.003"/>
  <testcase name="testLoadHazelAsyncMap" classname="com.codingchili.core.storage.StorageLoaderIT" time="0.001"/>
  <testcase name="testLoadMongoMap" classname="com.codingchili.core.storage.StorageLoaderIT" time="0.0">
    <skipped/>
  </testcase>
  <system-out><![CDATA[Failed to read file test.
]]></system-out>
  <system-err><![CDATA[Dec 03, 2016 12:43:19 PM com.hazelcast.config.AbstractXmlConfigHelper
WARNING: Name of the hazelcast schema location incorrect using default
Dec 03, 2016 12:43:19 PM com.hazelcast.instance.DefaultAddressPicker
INFO: [LOCAL] [dev] [3.6.3] Prefer IPv4 stack is true.
Dec 03, 2016 12:43:19 PM com.hazelcast.instance.DefaultAddressPicker
INFO: [LOCAL] [dev] [3.6.3] Picked Address[192.168.1.21]:5702, using socket ServerSocket[addr=/0:0:0:0:0:0:0:0,localport=5702], bind any local is true
Dec 03, 2016 12:43:19 PM com.hazelcast.system
INFO: [192.168.1.21]:5702 [dev] [3.6.3] Hazelcast 3.6.3 (20160527 - 08b28c3) starting at Address[192.168.1.21]:5702
Dec 03, 2016 12:43:19 PM com.hazelcast.system
INFO: [192.168.1.21]:5702 [dev] [3.6.3] Copyright (c) 2008-2016, Hazelcast, Inc. All Rights Reserved.
Dec 03, 2016 12:43:19 PM com.hazelcast.system
INFO: [192.168.1.21]:5702 [dev] [3.6.3] Configured Hazelcast Serialization version : 1
Dec 03, 2016 12:43:19 PM com.hazelcast.spi.OperationService
INFO: [192.168.1.21]:5702 [dev] [3.6.3] Backpressure is disabled
Dec 03, 2016 12:43:19 PM com.hazelcast.spi.impl.operationexecutor.classic.ClassicOperationExecutor
INFO: [192.168.1.21]:5702 [dev] [3.6.3] Starting with 2 generic operation threads and 4 partition operation threads.
Dec 03, 2016 12:43:20 PM com.hazelcast.instance.Node
INFO: [192.168.1.21]:5702 [dev] [3.6.3] Creating MulticastJoiner
Dec 03, 2016 12:43:20 PM com.hazelcast.core.LifecycleService
INFO: [192.168.1.21]:5702 [dev] [3.6.3] Address[192.168.1.21]:5702 is STARTING
Dec 03, 2016 12:43:20 PM com.hazelcast.nio.tcp.nonblocking.NonBlockingIOThreadingModel
INFO: [192.168.1.21]:5702 [dev] [3.6.3] TcpIpConnectionManager configured with Non Blocking IO-threading model: 3 input threads and 3 output threads
Dec 03, 2016 12:43:20 PM com.hazelcast.cluster.impl.MulticastJoiner
INFO: [192.168.1.21]:5702 [dev] [3.6.3] Trying to join to discovered node: Address[192.168.1.21]:5701
Dec 03, 2016 12:43:20 PM com.hazelcast.nio.tcp.InitConnectionTask
INFO: [192.168.1.21]:5702 [dev] [3.6.3] Connecting to /192.168.1.21:5701, timeout: 0, bind-any: true
Dec 03, 2016 12:43:20 PM com.hazelcast.nio.tcp.SocketAcceptorThread
INFO: [192.168.1.21]:5701 [dev] [3.6.3] Accepting socket connection from /192.168.1.21:54600
Dec 03, 2016 12:43:20 PM com.hazelcast.nio.tcp.TcpIpConnectionManager
INFO: [192.168.1.21]:5702 [dev] [3.6.3] Established socket connection between /192.168.1.21:54600 and /192.168.1.21:5701
Dec 03, 2016 12:43:20 PM com.hazelcast.nio.tcp.TcpIpConnectionManager
INFO: [192.168.1.21]:5701 [dev] [3.6.3] Established socket connection between /192.168.1.21:5701 and /192.168.1.21:54600
Dec 03, 2016 12:43:21 PM com.hazelcast.cluster.ClusterService
INFO: [192.168.1.21]:5701 [dev] [3.6.3] 

Members [2] {
	Member [192.168.1.21]:5701 this
	Member [192.168.1.21]:5702
}

Dec 03, 2016 12:43:21 PM com.hazelcast.partition.InternalPartitionService
WARNING: [192.168.1.21]:5702 [dev] [3.6.3] Ignoring received partition table, startup is not completed yet. Sender: Address[192.168.1.21]:5701
Dec 03, 2016 12:43:21 PM com.hazelcast.cluster.ClusterService
INFO: [192.168.1.21]:5702 [dev] [3.6.3] 

Members [2] {
	Member [192.168.1.21]:5701
	Member [192.168.1.21]:5702 this
}

Dec 03, 2016 12:43:21 PM com.hazelcast.partition.InternalPartitionService
INFO: [192.168.1.21]:5701 [dev] [3.6.3] Re-partitioning cluster data... Migration queue size: 135
Dec 03, 2016 12:43:22 PM com.hazelcast.partition.InternalPartitionService
INFO: [192.168.1.21]:5701 [dev] [3.6.3] All migration tasks have been completed, queues are empty.
Dec 03, 2016 12:43:23 PM com.hazelcast.core.LifecycleService
INFO: [192.168.1.21]:5702 [dev] [3.6.3] Address[192.168.1.21]:5702 is STARTED
]]></system-err>
</testsuite>
