<?xml version="1.0" encoding="UTF-8"?>
<testsuite name="com.codingchili.core.security.ValidatorTest" tests="7" skipped="0" failures="0" errors="0" timestamp="2016-12-03T11:43:09" hostname="DESKTOP-TDNIONG" time="0.004">
  <properties/>
  <testcase name="testPlainText" classname="com.codingchili.core.security.ValidatorTest" time="0.0"/>
  <testcase name="testMessageNotFiltered" classname="com.codingchili.core.security.ValidatorTest" time="0.001"/>
  <testcase name="testMessageIsFiltered" classname="com.codingchili.core.security.ValidatorTest" time="0.001"/>
  <testcase name="testMinimumLengthIsEnforced" classname="com.codingchili.core.security.ValidatorTest" time="0.0"/>
  <testcase name="testUsernameValidated" classname="com.codingchili.core.security.ValidatorTest" time="0.001"/>
  <testcase name="testUsernameFilterRejected" classname="com.codingchili.core.security.ValidatorTest" time="0.0"/>
  <testcase name="testMaximumLengthIsEnforced" classname="com.codingchili.core.security.ValidatorTest" time="0.0"/>
  <system-out><![CDATA[]]></system-out>
  <system-err><![CDATA[]]></system-err>
</testsuite>
