<?xml version="1.0" encoding="UTF-8"?>
<testsuite name="com.codingchili.core.LauncherIT" tests="2" skipped="1" failures="0" errors="0" timestamp="2016-12-03T11:43:01" hostname="DESKTOP-TDNIONG" time="3.608">
  <properties/>
  <testcase name="testFailNotVerticle" classname="com.codingchili.core.LauncherIT" time="0.0">
    <skipped/>
  </testcase>
  <testcase name="testDeployAService" classname="com.codingchili.core.LauncherIT" time="3.607"/>
  <system-out><![CDATA[
				system: Starting launcher [CORE-1.0.0-PR] ..
					     Robin Duda Â© 2016

]]></system-out>
  <system-err><![CDATA[Dec 03, 2016 12:43:01 PM com.hazelcast.config.AbstractXmlConfigHelper
WARNING: Name of the hazelcast schema location incorrect using default
Dec 03, 2016 12:43:01 PM com.hazelcast.instance.DefaultAddressPicker
INFO: [LOCAL] [dev] [3.6.3] Prefer IPv4 stack is true.
Dec 03, 2016 12:43:01 PM com.hazelcast.instance.DefaultAddressPicker
INFO: [LOCAL] [dev] [3.6.3] Picked Address[192.168.1.21]:5701, using socket ServerSocket[addr=/0:0:0:0:0:0:0:0,localport=5701], bind any local is true
Dec 03, 2016 12:43:01 PM com.hazelcast.system
INFO: [192.168.1.21]:5701 [dev] [3.6.3] Hazelcast 3.6.3 (20160527 - 08b28c3) starting at Address[192.168.1.21]:5701
Dec 03, 2016 12:43:01 PM com.hazelcast.system
INFO: [192.168.1.21]:5701 [dev] [3.6.3] Copyright (c) 2008-2016, Hazelcast, Inc. All Rights Reserved.
Dec 03, 2016 12:43:01 PM com.hazelcast.system
INFO: [192.168.1.21]:5701 [dev] [3.6.3] Configured Hazelcast Serialization version : 1
Dec 03, 2016 12:43:01 PM com.hazelcast.spi.OperationService
INFO: [192.168.1.21]:5701 [dev] [3.6.3] Backpressure is disabled
Dec 03, 2016 12:43:01 PM com.hazelcast.spi.impl.operationexecutor.classic.ClassicOperationExecutor
INFO: [192.168.1.21]:5701 [dev] [3.6.3] Starting with 2 generic operation threads and 4 partition operation threads.
Dec 03, 2016 12:43:02 PM com.hazelcast.instance.Node
INFO: [192.168.1.21]:5701 [dev] [3.6.3] Creating MulticastJoiner
Dec 03, 2016 12:43:02 PM com.hazelcast.core.LifecycleService
INFO: [192.168.1.21]:5701 [dev] [3.6.3] Address[192.168.1.21]:5701 is STARTING
Dec 03, 2016 12:43:02 PM com.hazelcast.nio.tcp.nonblocking.NonBlockingIOThreadingModel
INFO: [192.168.1.21]:5701 [dev] [3.6.3] TcpIpConnectionManager configured with Non Blocking IO-threading model: 3 input threads and 3 output threads
Dec 03, 2016 12:43:04 PM com.hazelcast.cluster.impl.MulticastJoiner
INFO: [192.168.1.21]:5701 [dev] [3.6.3] 


Members [1] {
	Member [192.168.1.21]:5701 this
}

Dec 03, 2016 12:43:04 PM com.hazelcast.core.LifecycleService
INFO: [192.168.1.21]:5701 [dev] [3.6.3] Address[192.168.1.21]:5701 is STARTED
Dec 03, 2016 12:43:04 PM com.hazelcast.partition.InternalPartitionService
INFO: [192.168.1.21]:5701 [dev] [3.6.3] Initializing cluster partition table arrangement...
]]></system-err>
</testsuite>
