<?xml version="1.0" encoding="UTF-8"?>
<testsuite name="com.codingchili.core.testing.MockRequestTest" tests="3" skipped="0" failures="0" errors="0" timestamp="2016-12-03T11:43:23" hostname="DESKTOP-TDNIONG" time="0.0">
  <properties/>
  <testcase name="testReplyWithJson" classname="com.codingchili.core.testing.MockRequestTest" time="0.0"/>
  <testcase name="testReplyWithBuffer" classname="com.codingchili.core.testing.MockRequestTest" time="0.0"/>
  <testcase name="testResponseListener" classname="com.codingchili.core.testing.MockRequestTest" time="0.0"/>
  <system-out><![CDATA[]]></system-out>
  <system-err><![CDATA[]]></system-err>
</testsuite>
