<?xml version="1.0" encoding="UTF-8"?>
<testsuite name="com.codingchili.core.logging.ConsoleLoggerTest" tests="2" skipped="0" failures="0" errors="0" timestamp="2016-12-03T11:43:04" hostname="DESKTOP-TDNIONG" time="0.04">
  <properties/>
  <testcase name="testLogMessage" classname="com.codingchili.core.logging.ConsoleLoggerTest" time="0.02"/>
  <testcase name="testLogNotInitialized" classname="com.codingchili.core.logging.ConsoleLoggerTest" time="0.02"/>
  <system-out><![CDATA[line
line
[null 11:43:04.820] -> 

]]></system-out>
  <system-err><![CDATA[]]></system-err>
</testsuite>
