<?xml version="1.0" encoding="UTF-8"?>
<testsuite name="com.codingchili.core.security.SecretFactoryTest" tests="4" skipped="0" failures="0" errors="0" timestamp="2016-12-03T11:43:08" hostname="DESKTOP-TDNIONG" time="0.13">
  <properties/>
  <testcase name="testVerifyFailingSecret" classname="com.codingchili.core.security.SecretFactoryTest" time="0.027"/>
  <testcase name="testSecretEntropy" classname="com.codingchili.core.security.SecretFactoryTest" time="0.001"/>
  <testcase name="testSecretsAreUnique" classname="com.codingchili.core.security.SecretFactoryTest" time="0.101"/>
  <testcase name="testVerifySecret" classname="com.codingchili.core.security.SecretFactoryTest" time="0.001"/>
  <system-out><![CDATA[]]></system-out>
  <system-err><![CDATA[]]></system-err>
</testsuite>
