<?xml version="1.0" encoding="UTF-8"?>
<testsuite name="com.codingchili.core.context.SystemContextTest" tests="6" skipped="0" failures="0" errors="0" timestamp="2016-12-03T11:42:59" hostname="DESKTOP-TDNIONG" time="0.748">
  <properties/>
  <testcase name="testTimerCalled" classname="com.codingchili.core.context.SystemContextTest" time="0.013"/>
  <testcase name="testPeriodicIntervalChanged" classname="com.codingchili.core.context.SystemContextTest" time="0.087"/>
  <testcase name="testMetricsEnabled" classname="com.codingchili.core.context.SystemContextTest" time="0.114"/>
  <testcase name="testMetricsDisabled" classname="com.codingchili.core.context.SystemContextTest" time="0.214"/>
  <testcase name="testPeriodic" classname="com.codingchili.core.context.SystemContextTest" time="0.106"/>
  <testcase name="testCancelTimer" classname="com.codingchili.core.context.SystemContextTest" time="0.214"/>
  <system-out><![CDATA[[timer.changed 11:42:59.203] -> mock.node ~ new=5000 ~  ~ previous=25 ~ INFO	localhost ~ test ~ 
]]></system-out>
  <system-err><![CDATA[]]></system-err>
</testsuite>
