<?xml version="1.0" encoding="UTF-8"?>
<testsuite name="com.codingchili.core.security.TokenFactoryTest" tests="7" skipped="0" failures="0" errors="0" timestamp="2016-12-03T11:43:09" hostname="DESKTOP-TDNIONG" time="0.003">
  <properties/>
  <testcase name="failVerifyTokenChangedDomain" classname="com.codingchili.core.security.TokenFactoryTest" time="0.001"/>
  <testcase name="verifyValidToken" classname="com.codingchili.core.security.TokenFactoryTest" time="0.0"/>
  <testcase name="failVerifyNullToken" classname="com.codingchili.core.security.TokenFactoryTest" time="0.0"/>
  <testcase name="createToken" classname="com.codingchili.core.security.TokenFactoryTest" time="0.001"/>
  <testcase name="verifyTokenFromAnotherFactory" classname="com.codingchili.core.security.TokenFactoryTest" time="0.001"/>
  <testcase name="failVerifyTokenFromAnotherFactoryWithAnotherKey" classname="com.codingchili.core.security.TokenFactoryTest" time="0.0"/>
  <testcase name="failVerifyOutDatedToken" classname="com.codingchili.core.security.TokenFactoryTest" time="0.0"/>
  <system-out><![CDATA[]]></system-out>
  <system-err><![CDATA[]]></system-err>
</testsuite>
