<?xml version="1.0" encoding="UTF-8"?>
<testsuite name="com.codingchili.core.files.FileWatcherIT" tests="4" skipped="0" failures="0" errors="0" timestamp="2016-12-03T11:43:00" hostname="DESKTOP-TDNIONG" time="0.935">
  <properties/>
  <testcase name="notNotifiedWhenOutsidePath" classname="com.codingchili.core.files.FileWatcherIT" time="0.414"/>
  <testcase name="getNotifiedOnCreate" classname="com.codingchili.core.files.FileWatcherIT" time="0.04"/>
  <testcase name="getNotifiedOnDelete" classname="com.codingchili.core.files.FileWatcherIT" time="0.439"/>
  <testcase name="getNotifiedOnModify" classname="com.codingchili.core.files.FileWatcherIT" time="0.04"/>
  <system-out><![CDATA[]]></system-out>
  <system-err><![CDATA[]]></system-err>
</testsuite>
