<?xml version="1.0" encoding="UTF-8"?>
<testsuite name="com.codingchili.core.context.DelayTest" tests="4" skipped="0" failures="0" errors="0" timestamp="2016-12-03T11:42:58" hostname="DESKTOP-TDNIONG" time="0.083">
  <properties/>
  <testcase name="testDelayFuture" classname="com.codingchili.core.context.DelayTest" time="0.038"/>
  <testcase name="testDelayNotInitialized" classname="com.codingchili.core.context.DelayTest" time="0.016"/>
  <testcase name="testDelayForShutdown" classname="com.codingchili.core.context.DelayTest" time="0.014"/>
  <testcase name="testDelayAsync" classname="com.codingchili.core.context.DelayTest" time="0.015"/>
  <system-out><![CDATA[]]></system-out>
  <system-err><![CDATA[]]></system-err>
</testsuite>
