<?xml version="1.0" encoding="UTF-8"?>
<testsuite name="com.codingchili.core.storage.JsonMapTest" tests="20" skipped="0" failures="0" errors="0" timestamp="2016-12-03T11:43:14" hostname="DESKTOP-TDNIONG" time="1.861">
  <properties/>
  <testcase name="testRemoveNotPresent" classname="com.codingchili.core.storage.JsonMapTest" time="0.013"/>
  <testcase name="testGet" classname="com.codingchili.core.storage.JsonMapTest" time="0.011"/>
  <testcase name="testPut" classname="com.codingchili.core.storage.JsonMapTest" time="0.012"/>
  <testcase name="testQuerySimilarTooShortExpression" classname="com.codingchili.core.storage.JsonMapTest" time="0.013"/>
  <testcase name="testPutIfAbsentTTL" classname="com.codingchili.core.storage.JsonMapTest" time="0.813"/>
  <testcase name="testPutIfAbsentNotAbsent" classname="com.codingchili.core.storage.JsonMapTest" time="0.018"/>
  <testcase name="testClear" classname="com.codingchili.core.storage.JsonMapTest" time="0.015"/>
  <testcase name="testSize" classname="com.codingchili.core.storage.JsonMapTest" time="0.014"/>
  <testcase name="testQueryExact" classname="com.codingchili.core.storage.JsonMapTest" time="0.011"/>
  <testcase name="testQueryRange" classname="com.codingchili.core.storage.JsonMapTest" time="0.013"/>
  <testcase name="testQueryMatchNone" classname="com.codingchili.core.storage.JsonMapTest" time="0.011"/>
  <testcase name="testPutIfAbsent" classname="com.codingchili.core.storage.JsonMapTest" time="0.011"/>
  <testcase name="testQuerySimilar" classname="com.codingchili.core.storage.JsonMapTest" time="0.013"/>
  <testcase name="testQueryRangeNoMatches" classname="com.codingchili.core.storage.JsonMapTest" time="0.013"/>
  <testcase name="testReplace" classname="com.codingchili.core.storage.JsonMapTest" time="0.011"/>
  <testcase name="testQuerySimilarInvalidExpression" classname="com.codingchili.core.storage.JsonMapTest" time="0.012"/>
  <testcase name="testPutWithTTL" classname="com.codingchili.core.storage.JsonMapTest" time="0.813"/>
  <testcase name="testReplaceIfNotPresent" classname="com.codingchili.core.storage.JsonMapTest" time="0.015"/>
  <testcase name="testGetMissing" classname="com.codingchili.core.storage.JsonMapTest" time="0.014"/>
  <testcase name="testRemove" classname="com.codingchili.core.storage.JsonMapTest" time="0.015"/>
  <system-out><![CDATA[Failed to read file spinach.
Failed to read file spinach.
Failed to read file spinach.
Failed to read file spinach.
Failed to read file spinach.
Failed to read file spinach.
Failed to read file spinach.
Failed to read file spinach.
Failed to read file spinach.
Failed to read file spinach.
Failed to read file spinach.
Failed to read file spinach.
Failed to read file spinach.
Failed to read file spinach.
Failed to read file spinach.
Failed to read file spinach.
Failed to read file spinach.
Failed to read file spinach.
Failed to read file spinach.
Failed to read file spinach.
]]></system-out>
  <system-err><![CDATA[Dec 03, 2016 12:43:16 PM io.vertx.core.impl.HAManager
WARNING: Timed out waiting for group information to appear
]]></system-err>
</testsuite>
