<?xml version="1.0" encoding="UTF-8"?>
<testsuite name="com.codingchili.core.files.JsonFileStoreTest" tests="6" skipped="0" failures="0" errors="0" timestamp="2016-12-03T11:43:01" hostname="DESKTOP-TDNIONG" time="0.006">
  <properties/>
  <testcase name="testReadObject" classname="com.codingchili.core.files.JsonFileStoreTest" time="0.0"/>
  <testcase name="testReadDirectoryObjects" classname="com.codingchili.core.files.JsonFileStoreTest" time="0.002"/>
  <testcase name="testReadList" classname="com.codingchili.core.files.JsonFileStoreTest" time="0.0"/>
  <testcase name="testReadDirectoryList" classname="com.codingchili.core.files.JsonFileStoreTest" time="0.001"/>
  <testcase name="testDeleteObject" classname="com.codingchili.core.files.JsonFileStoreTest" time="0.002"/>
  <testcase name="testWriteObject" classname="com.codingchili.core.files.JsonFileStoreTest" time="0.001"/>
  <system-out><![CDATA[]]></system-out>
  <system-err><![CDATA[]]></system-err>
</testsuite>
